
> capstone_frontend@0.1.0 start
> react-scripts start

Browserslist: caniuse-lite is outdated. Please run:
  npx update-browserslist-db@latest
  Why you should do it regularly: https://github.com/browserslist/update-db#readme
(node:109942) [DEP_WEBPACK_DEV_SERVER_ON_AFTER_SETUP_MIDDLEWARE] DeprecationWarning: 'onAfterSetupMiddleware' option is deprecated. Please use the 'setupMiddlewares' option.
(node:109942) [DEP_WEBPACK_DEV_SERVER_ON_BEFORE_SETUP_MIDDLEWARE] DeprecationWarning: 'onBeforeSetupMiddleware' option is deprecated. Please use the 'setupMiddlewares' option.
Starting the development server...

Compiled with warnings.

[eslint] 
src/components/facility/UserLocFacility.js
  Line 17:12:  'searchLoc' is assigned a value but never used                                                                                     no-unused-vars
  Line 17:23:  'setSearchLoc' is assigned a value but never used                                                                                  no-unused-vars
  Line 20:24:  'serSilverData' is assigned a value but never used                                                                                 no-unused-vars
  Line 37:7:   React Hook useEffect has missing dependencies: 'lat', 'lng', and 'silverData'. Either include them or remove the dependency array  react-hooks/exhaustive-deps
  Line 42:19:  Expected '===' and instead saw '=='                                                                                                eqeqeq
  Line 42:37:  Expected '===' and instead saw '=='                                                                                                eqeqeq
  Line 81:80:  Array.prototype.map() expects a value to be returned at the end of arrow function                                                  array-callback-return

src/components/home/App.js
  Line 1:21:  'useState' is defined but never used                                                                              no-unused-vars
  Line 6:10:  'relateDataAtom' is defined but never used                                                                        no-unused-vars
  Line 7:10:  'useRecoilState' is defined but never used                                                                        no-unused-vars
  Line 7:26:  'useRecoilValue' is defined but never used                                                                        no-unused-vars
  Line 17:8:  React Hook useEffect has a missing dependency: 'setSilverData'. Either include it or remove the dependency array  react-hooks/exhaustive-deps

src/components/home/MainHeader.js
  Line 8:10:  'faUser' is defined but never used  no-unused-vars

src/components/home/RouterWeb.js
  Line 4:8:   'axios' is defined but never used                                                                              no-unused-vars
  Line 6:10:  'relateDataAtom' is defined but never used                                                                     no-unused-vars
  Line 7:10:  'useRecoilState' is defined but never used                                                                     no-unused-vars
  Line 7:26:  'useRecoilValue' is defined but never used                                                                     no-unused-vars
  Line 7:42:  'useSetRecoilState' is defined but never used                                                                  no-unused-vars
  Line 11:8:  'MyProfile' is defined but never used                                                                          no-unused-vars
  Line 12:8:  'Auth' is defined but never used                                                                               no-unused-vars
  Line 79:7:  React Hook useEffect has a missing dependency: 'getAddress'. Either include it or remove the dependency array  react-hooks/exhaustive-deps

src/components/home/SearchFacility.js
  Line 3:8:    'axios' is defined but never used                                                  no-unused-vars
  Line 7:9:    'useEffect' is defined but never used                                              no-unused-vars
  Line 33:24:  'serSilverData' is assigned a value but never used                                 no-unused-vars
  Line 97:85:  Array.prototype.map() expects a value to be returned at the end of arrow function  array-callback-return

src/routes/Detail.js
  Line 18:24:  'serSilverData' is assigned a value but never used                                                            no-unused-vars
  Line 34:8:   React Hook useEffect has a missing dependency: 'data.name'. Either include it or remove the dependency array  react-hooks/exhaustive-deps

src/routes/FindFacility.js
  Line 1:30:   'Component' is defined but never used                                                                                                          no-unused-vars
  Line 118:7:  React Hook useEffect has missing dependencies: 'checkAccessToken' and 'getKoreaAddress'. Either include them or remove the dependency array    react-hooks/exhaustive-deps
  Line 125:8:  React Hook useEffect has missing dependencies: 'checkAccessToken' and 'checkUserLocation'. Either include them or remove the dependency array  react-hooks/exhaustive-deps

src/routes/Home.js
  Line 14:8:   'axios' is defined but never used                                                                              no-unused-vars
  Line 15:10:  'relateDataAtom' is defined but never used                                                                     no-unused-vars
  Line 16:10:  'useRecoilState' is defined but never used                                                                     no-unused-vars
  Line 16:26:  'useRecoilValue' is defined but never used                                                                     no-unused-vars
  Line 16:42:  'useSetRecoilState' is defined but never used                                                                  no-unused-vars
  Line 77:8:   React Hook useEffect has a missing dependency: 'lastRandom'. Either include it or remove the dependency array  react-hooks/exhaustive-deps

Search for the keywords to learn more about each warning.
To ignore, add // eslint-disable-next-line to the line before.

WARNING in [eslint] 
src/components/facility/UserLocFacility.js
  Line 17:12:  'searchLoc' is assigned a value but never used                                                                                     no-unused-vars
  Line 17:23:  'setSearchLoc' is assigned a value but never used                                                                                  no-unused-vars
  Line 20:24:  'serSilverData' is assigned a value but never used                                                                                 no-unused-vars
  Line 37:7:   React Hook useEffect has missing dependencies: 'lat', 'lng', and 'silverData'. Either include them or remove the dependency array  react-hooks/exhaustive-deps
  Line 42:19:  Expected '===' and instead saw '=='                                                                                                eqeqeq
  Line 42:37:  Expected '===' and instead saw '=='                                                                                                eqeqeq
  Line 81:80:  Array.prototype.map() expects a value to be returned at the end of arrow function                                                  array-callback-return

src/components/home/App.js
  Line 1:21:  'useState' is defined but never used                                                                              no-unused-vars
  Line 6:10:  'relateDataAtom' is defined but never used                                                                        no-unused-vars
  Line 7:10:  'useRecoilState' is defined but never used                                                                        no-unused-vars
  Line 7:26:  'useRecoilValue' is defined but never used                                                                        no-unused-vars
  Line 17:8:  React Hook useEffect has a missing dependency: 'setSilverData'. Either include it or remove the dependency array  react-hooks/exhaustive-deps

src/components/home/MainHeader.js
  Line 8:10:  'faUser' is defined but never used  no-unused-vars

src/components/home/RouterWeb.js
  Line 4:8:   'axios' is defined but never used                                                                              no-unused-vars
  Line 6:10:  'relateDataAtom' is defined but never used                                                                     no-unused-vars
  Line 7:10:  'useRecoilState' is defined but never used                                                                     no-unused-vars
  Line 7:26:  'useRecoilValue' is defined but never used                                                                     no-unused-vars
  Line 7:42:  'useSetRecoilState' is defined but never used                                                                  no-unused-vars
  Line 11:8:  'MyProfile' is defined but never used                                                                          no-unused-vars
  Line 12:8:  'Auth' is defined but never used                                                                               no-unused-vars
  Line 79:7:  React Hook useEffect has a missing dependency: 'getAddress'. Either include it or remove the dependency array  react-hooks/exhaustive-deps

src/components/home/SearchFacility.js
  Line 3:8:    'axios' is defined but never used                                                  no-unused-vars
  Line 7:9:    'useEffect' is defined but never used                                              no-unused-vars
  Line 33:24:  'serSilverData' is assigned a value but never used                                 no-unused-vars
  Line 97:85:  Array.prototype.map() expects a value to be returned at the end of arrow function  array-callback-return

src/routes/Detail.js
  Line 18:24:  'serSilverData' is assigned a value but never used                                                            no-unused-vars
  Line 34:8:   React Hook useEffect has a missing dependency: 'data.name'. Either include it or remove the dependency array  react-hooks/exhaustive-deps

src/routes/FindFacility.js
  Line 1:30:   'Component' is defined but never used                                                                                                          no-unused-vars
  Line 118:7:  React Hook useEffect has missing dependencies: 'checkAccessToken' and 'getKoreaAddress'. Either include them or remove the dependency array    react-hooks/exhaustive-deps
  Line 125:8:  React Hook useEffect has missing dependencies: 'checkAccessToken' and 'checkUserLocation'. Either include them or remove the dependency array  react-hooks/exhaustive-deps

src/routes/Home.js
  Line 14:8:   'axios' is defined but never used                                                                              no-unused-vars
  Line 15:10:  'relateDataAtom' is defined but never used                                                                     no-unused-vars
  Line 16:10:  'useRecoilState' is defined but never used                                                                     no-unused-vars
  Line 16:26:  'useRecoilValue' is defined but never used                                                                     no-unused-vars
  Line 16:42:  'useSetRecoilState' is defined but never used                                                                  no-unused-vars
  Line 77:8:   React Hook useEffect has a missing dependency: 'lastRandom'. Either include it or remove the dependency array  react-hooks/exhaustive-deps

webpack compiled with 1 warning
